<?xml version="1.0" encoding="UTF-8"?>
<!-- Generated by org.testng.reporters.JUnitXMLReporter -->
<testsuite ignored="1" hostname="som-HP" failures="0" tests="1" name="Default test" time="134.225" errors="0" timestamp="2022-01-21T11:08:14 IST">
  <testcase classname="com.crm.comcast.contactTest.ContactModuleTest" name="CreateContactWithOrgTestTest" time="97.311"/>
  <testcase classname="com.crm.comcast.contactTest.ContactModuleTest" name="CreateContactTest" time="0.0">
    <ignored/>
  </testcase> <!-- CreateContactTest -->
</testsuite> <!-- Default test -->
